This file contains any messages produced by compilers while
running configure, to aid debugging if configure makes a mistake.

It was created by configure, which was
generated by GNU Autoconf 2.69.  Invocation command line was

  $ ./configure --with-boost

## --------- ##
## Platform. ##
## --------- ##

hostname = netbook
uname -m = i686
uname -r = 3.13.0-34-generic
uname -s = Linux
uname -v = #60-Ubuntu SMP Wed Aug 13 15:49:09 UTC 2014

/usr/bin/uname -p = unknown
/bin/uname -X     = unknown

/bin/arch              = unknown
/usr/bin/arch -k       = unknown
/usr/convex/getsysinfo = unknown
/usr/bin/hostinfo      = unknown
/bin/machine           = unknown
/usr/bin/oslevel       = unknown
/bin/universe          = unknown

PATH: /usr/local/sbin
PATH: /usr/local/bin
PATH: /usr/sbin
PATH: /usr/bin
PATH: /sbin
PATH: /bin
PATH: /usr/games
PATH: /usr/local/games


## ----------- ##
## Core tests. ##
## ----------- ##

configure:2345: checking for a BSD-compatible install
configure:2413: result: /usr/bin/install -c
configure:2424: checking whether build environment is sane
configure:2474: result: yes
configure:2615: checking for a thread-safe mkdir -p
configure:2654: result: /bin/mkdir -p
configure:2667: checking for gawk
configure:2683: found /usr/bin/gawk
configure:2694: result: gawk
configure:2705: checking whether make sets $(MAKE)
configure:2727: result: yes
configure:2841: checking build system type
configure:2855: result: i686-pc-linux-gnu
configure:2875: checking host system type
configure:2888: result: i686-pc-linux-gnu
configure:2929: checking how to print strings
configure:2956: result: printf
configure:2989: checking for style of include used by make
configure:3017: result: GNU
configure:3087: checking for gcc
configure:3103: found /usr/bin/gcc
configure:3114: result: gcc
configure:3343: checking for C compiler version
configure:3352: gcc --version >&5
gcc (Ubuntu 4.8.2-19ubuntu1) 4.8.2
Copyright (C) 2013 Free Software Foundation, Inc.
This is free software; see the source for copying conditions.  There is NO
warranty; not even for MERCHANTABILITY or FITNESS FOR A PARTICULAR PURPOSE.

configure:3363: $? = 0
configure:3352: gcc -v >&5
Using built-in specs.
COLLECT_GCC=gcc
COLLECT_LTO_WRAPPER=/usr/lib/gcc/i686-linux-gnu/4.8/lto-wrapper
Target: i686-linux-gnu
Configured with: ../src/configure -v --with-pkgversion='Ubuntu 4.8.2-19ubuntu1' --with-bugurl=file:///usr/share/doc/gcc-4.8/README.Bugs --enable-languages=c,c++,java,go,d,fortran,objc,obj-c++ --prefix=/usr --program-suffix=-4.8 --enable-shared --enable-linker-build-id --libexecdir=/usr/lib --without-included-gettext --enable-threads=posix --with-gxx-include-dir=/usr/include/c++/4.8 --libdir=/usr/lib --enable-nls --with-sysroot=/ --enable-clocale=gnu --enable-libstdcxx-debug --enable-libstdcxx-time=yes --enable-gnu-unique-object --disable-libmudflap --enable-plugin --with-system-zlib --disable-browser-plugin --enable-java-awt=gtk --enable-gtk-cairo --with-java-home=/usr/lib/jvm/java-1.5.0-gcj-4.8-i386/jre --enable-java-home --with-jvm-root-dir=/usr/lib/jvm/java-1.5.0-gcj-4.8-i386 --with-jvm-jar-dir=/usr/lib/jvm-exports/java-1.5.0-gcj-4.8-i386 --with-arch-directory=i386 --with-ecj-jar=/usr/share/java/eclipse-ecj.jar --enable-objc-gc --enable-targets=all --enable-multiarch --disable-werror --with-arch-32=i686 --with-multilib-list=m32,m64,mx32 --with-tune=generic --enable-checking=release --build=i686-linux-gnu --host=i686-linux-gnu --target=i686-linux-gnu
Thread model: posix
gcc version 4.8.2 (Ubuntu 4.8.2-19ubuntu1) 
configure:3363: $? = 0
configure:3352: gcc -V >&5
gcc: error: unrecognized command line option '-V'
gcc: fatal error: no input files
compilation terminated.
configure:3363: $? = 4
configure:3352: gcc -qversion >&5
gcc: error: unrecognized command line option '-qversion'
gcc: fatal error: no input files
compilation terminated.
configure:3363: $? = 4
configure:3383: checking whether the C compiler works
configure:3405: gcc    conftest.c  >&5
configure:3409: $? = 0
configure:3457: result: yes
configure:3460: checking for C compiler default output file name
configure:3462: result: a.out
configure:3468: checking for suffix of executables
configure:3475: gcc -o conftest    conftest.c  >&5
configure:3479: $? = 0
configure:3501: result: 
configure:3523: checking whether we are cross compiling
configure:3531: gcc -o conftest    conftest.c  >&5
configure:3535: $? = 0
configure:3542: ./conftest
configure:3546: $? = 0
configure:3561: result: no
configure:3566: checking for suffix of object files
configure:3588: gcc -c   conftest.c >&5
configure:3592: $? = 0
configure:3613: result: o
configure:3617: checking whether we are using the GNU C compiler
configure:3636: gcc -c   conftest.c >&5
configure:3636: $? = 0
configure:3645: result: yes
configure:3654: checking whether gcc accepts -g
configure:3674: gcc -c -g  conftest.c >&5
configure:3674: $? = 0
configure:3715: result: yes
configure:3732: checking for gcc option to accept ISO C89
configure:3795: gcc  -c -g -O2  conftest.c >&5
configure:3795: $? = 0
configure:3808: result: none needed
configure:3830: checking dependency style of gcc
configure:3940: result: gcc3
configure:3955: checking for a sed that does not truncate output
configure:4019: result: /bin/sed
configure:4037: checking for grep that handles long lines and -e
configure:4095: result: /bin/grep
configure:4100: checking for egrep
configure:4162: result: /bin/grep -E
configure:4167: checking for fgrep
configure:4229: result: /bin/grep -F
configure:4264: checking for ld used by gcc
configure:4331: result: /usr/bin/ld
configure:4338: checking if the linker (/usr/bin/ld) is GNU ld
configure:4353: result: yes
configure:4365: checking for BSD- or MS-compatible name lister (nm)
configure:4414: result: /usr/bin/nm -B
configure:4544: checking the name lister (/usr/bin/nm -B) interface
configure:4551: gcc -c -g -O2  conftest.c >&5
configure:4554: /usr/bin/nm -B "conftest.o"
configure:4557: output
00000000 B some_variable
configure:4564: result: BSD nm
configure:4567: checking whether ln -s works
configure:4571: result: yes
configure:4579: checking the maximum length of command line arguments
configure:4704: result: 1572864
configure:4721: checking whether the shell understands some XSI constructs
configure:4731: result: yes
configure:4735: checking whether the shell understands "+="
configure:4741: result: yes
configure:4776: checking how to convert i686-pc-linux-gnu file names to i686-pc-linux-gnu format
configure:4816: result: func_convert_file_noop
configure:4823: checking how to convert i686-pc-linux-gnu file names to toolchain format
configure:4843: result: func_convert_file_noop
configure:4850: checking for /usr/bin/ld option to reload object files
configure:4857: result: -r
configure:4931: checking for objdump
configure:4947: found /usr/bin/objdump
configure:4958: result: objdump
configure:4990: checking how to recognize dependent libraries
configure:5192: result: pass_all
configure:5277: checking for dlltool
configure:5307: result: no
configure:5337: checking how to associate runtime and link libraries
configure:5364: result: printf %s\n
configure:5425: checking for ar
configure:5441: found /usr/bin/ar
configure:5452: result: ar
configure:5489: checking for archiver @FILE support
configure:5506: gcc -c -g -O2  conftest.c >&5
configure:5506: $? = 0
configure:5509: ar cru libconftest.a @conftest.lst >&5
configure:5512: $? = 0
configure:5517: ar cru libconftest.a @conftest.lst >&5
ar: conftest.o: No such file or directory
configure:5520: $? = 1
configure:5532: result: @
configure:5590: checking for strip
configure:5606: found /usr/bin/strip
configure:5617: result: strip
configure:5689: checking for ranlib
configure:5705: found /usr/bin/ranlib
configure:5716: result: ranlib
configure:5818: checking command to parse /usr/bin/nm -B output from gcc object
configure:5937: gcc -c -g -O2  conftest.c >&5
configure:5940: $? = 0
configure:5944: /usr/bin/nm -B conftest.o \| sed -n -e 's/^.*[ ]\([ABCDGIRSTW][ABCDGIRSTW]*\)[ ][ ]*\([_A-Za-z][_A-Za-z0-9]*\)$/\1 \2 \2/p' | sed '/ __gnu_lto/d' \> conftest.nm
configure:5947: $? = 0
configure:6013: gcc -o conftest -g -O2   conftest.c conftstm.o >&5
configure:6016: $? = 0
configure:6054: result: ok
configure:6091: checking for sysroot
configure:6121: result: no
configure:6364: checking for mt
configure:6380: found /bin/mt
configure:6391: result: mt
configure:6414: checking if mt is a manifest tool
configure:6420: mt '-?'
configure:6428: result: no
configure:7060: checking how to run the C preprocessor
configure:7091: gcc -E  conftest.c
configure:7091: $? = 0
configure:7105: gcc -E  conftest.c
conftest.c:11:28: fatal error: ac_nonexistent.h: No such file or directory
 #include <ac_nonexistent.h>
                            ^
compilation terminated.
configure:7105: $? = 1
configure: failed program was:
| /* confdefs.h */
| #define PACKAGE_NAME ""
| #define PACKAGE_TARNAME ""
| #define PACKAGE_VERSION ""
| #define PACKAGE_STRING ""
| #define PACKAGE_BUGREPORT ""
| #define PACKAGE_URL ""
| #define PACKAGE "sirannon"
| #define VERSION "1.0.0"
| /* end confdefs.h.  */
| #include <ac_nonexistent.h>
configure:7130: result: gcc -E
configure:7150: gcc -E  conftest.c
configure:7150: $? = 0
configure:7164: gcc -E  conftest.c
conftest.c:11:28: fatal error: ac_nonexistent.h: No such file or directory
 #include <ac_nonexistent.h>
                            ^
compilation terminated.
configure:7164: $? = 1
configure: failed program was:
| /* confdefs.h */
| #define PACKAGE_NAME ""
| #define PACKAGE_TARNAME ""
| #define PACKAGE_VERSION ""
| #define PACKAGE_STRING ""
| #define PACKAGE_BUGREPORT ""
| #define PACKAGE_URL ""
| #define PACKAGE "sirannon"
| #define VERSION "1.0.0"
| /* end confdefs.h.  */
| #include <ac_nonexistent.h>
configure:7193: checking for ANSI C header files
configure:7213: gcc -c -g -O2  conftest.c >&5
configure:7213: $? = 0
configure:7286: gcc -o conftest -g -O2   conftest.c  >&5
configure:7286: $? = 0
configure:7286: ./conftest
configure:7286: $? = 0
configure:7297: result: yes
configure:7310: checking for sys/types.h
configure:7310: gcc -c -g -O2  conftest.c >&5
configure:7310: $? = 0
configure:7310: result: yes
configure:7310: checking for sys/stat.h
configure:7310: gcc -c -g -O2  conftest.c >&5
configure:7310: $? = 0
configure:7310: result: yes
configure:7310: checking for stdlib.h
configure:7310: gcc -c -g -O2  conftest.c >&5
configure:7310: $? = 0
configure:7310: result: yes
configure:7310: checking for string.h
configure:7310: gcc -c -g -O2  conftest.c >&5
configure:7310: $? = 0
configure:7310: result: yes
configure:7310: checking for memory.h
configure:7310: gcc -c -g -O2  conftest.c >&5
configure:7310: $? = 0
configure:7310: result: yes
configure:7310: checking for strings.h
configure:7310: gcc -c -g -O2  conftest.c >&5
configure:7310: $? = 0
configure:7310: result: yes
configure:7310: checking for inttypes.h
configure:7310: gcc -c -g -O2  conftest.c >&5
configure:7310: $? = 0
configure:7310: result: yes
configure:7310: checking for stdint.h
configure:7310: gcc -c -g -O2  conftest.c >&5
configure:7310: $? = 0
configure:7310: result: yes
configure:7310: checking for unistd.h
configure:7310: gcc -c -g -O2  conftest.c >&5
configure:7310: $? = 0
configure:7310: result: yes
configure:7324: checking for dlfcn.h
configure:7324: gcc -c -g -O2  conftest.c >&5
configure:7324: $? = 0
configure:7324: result: yes
configure:7511: checking for objdir
configure:7526: result: .libs
configure:7797: checking if gcc supports -fno-rtti -fno-exceptions
configure:7815: gcc -c -g -O2  -fno-rtti -fno-exceptions conftest.c >&5
cc1: warning: command line option '-fno-rtti' is valid for C++/ObjC++ but not for C [enabled by default]
configure:7819: $? = 0
configure:7832: result: no
configure:8142: checking for gcc option to produce PIC
configure:8149: result: -fPIC -DPIC
configure:8157: checking if gcc PIC flag -fPIC -DPIC works
configure:8175: gcc -c -g -O2  -fPIC -DPIC -DPIC conftest.c >&5
configure:8179: $? = 0
configure:8192: result: yes
configure:8221: checking if gcc static flag -static works
configure:8249: result: yes
configure:8264: checking if gcc supports -c -o file.o
configure:8285: gcc -c -g -O2  -o out/conftest2.o conftest.c >&5
configure:8289: $? = 0
configure:8311: result: yes
configure:8319: checking if gcc supports -c -o file.o
configure:8366: result: yes
configure:8399: checking whether the gcc linker (/usr/bin/ld) supports shared libraries
configure:9561: result: yes
configure:9598: checking whether -lc should be explicitly linked in
configure:9606: gcc -c -g -O2  conftest.c >&5
configure:9609: $? = 0
configure:9624: gcc -shared  -fPIC -DPIC conftest.o  -v -Wl,-soname -Wl,conftest -o conftest 2\>\&1 \| /bin/grep  -lc  \>/dev/null 2\>\&1
configure:9627: $? = 0
configure:9641: result: no
configure:9806: checking dynamic linker characteristics
configure:10321: gcc -o conftest -g -O2   -Wl,-rpath -Wl,/foo conftest.c  >&5
configure:10321: $? = 0
configure:10555: result: GNU/Linux ld.so
configure:10662: checking how to hardcode library paths into programs
configure:10687: result: immediate
configure:11227: checking whether stripping libraries is possible
configure:11232: result: yes
configure:11267: checking if libtool supports shared libraries
configure:11269: result: yes
configure:11272: checking whether to build shared libraries
configure:11293: result: yes
configure:11296: checking whether to build static libraries
configure:11300: result: yes
configure:11395: checking for g++
configure:11411: found /usr/bin/g++
configure:11422: result: g++
configure:11449: checking for C++ compiler version
configure:11458: g++ --version >&5
g++ (Ubuntu 4.8.2-19ubuntu1) 4.8.2
Copyright (C) 2013 Free Software Foundation, Inc.
This is free software; see the source for copying conditions.  There is NO
warranty; not even for MERCHANTABILITY or FITNESS FOR A PARTICULAR PURPOSE.

configure:11469: $? = 0
configure:11458: g++ -v >&5
Using built-in specs.
COLLECT_GCC=g++
COLLECT_LTO_WRAPPER=/usr/lib/gcc/i686-linux-gnu/4.8/lto-wrapper
Target: i686-linux-gnu
Configured with: ../src/configure -v --with-pkgversion='Ubuntu 4.8.2-19ubuntu1' --with-bugurl=file:///usr/share/doc/gcc-4.8/README.Bugs --enable-languages=c,c++,java,go,d,fortran,objc,obj-c++ --prefix=/usr --program-suffix=-4.8 --enable-shared --enable-linker-build-id --libexecdir=/usr/lib --without-included-gettext --enable-threads=posix --with-gxx-include-dir=/usr/include/c++/4.8 --libdir=/usr/lib --enable-nls --with-sysroot=/ --enable-clocale=gnu --enable-libstdcxx-debug --enable-libstdcxx-time=yes --enable-gnu-unique-object --disable-libmudflap --enable-plugin --with-system-zlib --disable-browser-plugin --enable-java-awt=gtk --enable-gtk-cairo --with-java-home=/usr/lib/jvm/java-1.5.0-gcj-4.8-i386/jre --enable-java-home --with-jvm-root-dir=/usr/lib/jvm/java-1.5.0-gcj-4.8-i386 --with-jvm-jar-dir=/usr/lib/jvm-exports/java-1.5.0-gcj-4.8-i386 --with-arch-directory=i386 --with-ecj-jar=/usr/share/java/eclipse-ecj.jar --enable-objc-gc --enable-targets=all --enable-multiarch --disable-werror --with-arch-32=i686 --with-multilib-list=m32,m64,mx32 --with-tune=generic --enable-checking=release --build=i686-linux-gnu --host=i686-linux-gnu --target=i686-linux-gnu
Thread model: posix
gcc version 4.8.2 (Ubuntu 4.8.2-19ubuntu1) 
configure:11469: $? = 0
configure:11458: g++ -V >&5
g++: error: unrecognized command line option '-V'
g++: fatal error: no input files
compilation terminated.
configure:11469: $? = 4
configure:11458: g++ -qversion >&5
g++: error: unrecognized command line option '-qversion'
g++: fatal error: no input files
compilation terminated.
configure:11469: $? = 4
configure:11473: checking whether we are using the GNU C++ compiler
configure:11492: g++ -c   conftest.cpp >&5
configure:11492: $? = 0
configure:11501: result: yes
configure:11510: checking whether g++ accepts -g
configure:11530: g++ -c -g  conftest.cpp >&5
configure:11530: $? = 0
configure:11571: result: yes
configure:11596: checking dependency style of g++
configure:11706: result: gcc3
configure:11739: checking how to run the C++ preprocessor
configure:11766: g++ -E  conftest.cpp
configure:11766: $? = 0
configure:11780: g++ -E  conftest.cpp
conftest.cpp:23:28: fatal error: ac_nonexistent.h: No such file or directory
 #include <ac_nonexistent.h>
                            ^
compilation terminated.
configure:11780: $? = 1
configure: failed program was:
| /* confdefs.h */
| #define PACKAGE_NAME ""
| #define PACKAGE_TARNAME ""
| #define PACKAGE_VERSION ""
| #define PACKAGE_STRING ""
| #define PACKAGE_BUGREPORT ""
| #define PACKAGE_URL ""
| #define PACKAGE "sirannon"
| #define VERSION "1.0.0"
| #define STDC_HEADERS 1
| #define HAVE_SYS_TYPES_H 1
| #define HAVE_SYS_STAT_H 1
| #define HAVE_STDLIB_H 1
| #define HAVE_STRING_H 1
| #define HAVE_MEMORY_H 1
| #define HAVE_STRINGS_H 1
| #define HAVE_INTTYPES_H 1
| #define HAVE_STDINT_H 1
| #define HAVE_UNISTD_H 1
| #define HAVE_DLFCN_H 1
| #define LT_OBJDIR ".libs/"
| /* end confdefs.h.  */
| #include <ac_nonexistent.h>
configure:11805: result: g++ -E
configure:11825: g++ -E  conftest.cpp
configure:11825: $? = 0
configure:11839: g++ -E  conftest.cpp
conftest.cpp:23:28: fatal error: ac_nonexistent.h: No such file or directory
 #include <ac_nonexistent.h>
                            ^
compilation terminated.
configure:11839: $? = 1
configure: failed program was:
| /* confdefs.h */
| #define PACKAGE_NAME ""
| #define PACKAGE_TARNAME ""
| #define PACKAGE_VERSION ""
| #define PACKAGE_STRING ""
| #define PACKAGE_BUGREPORT ""
| #define PACKAGE_URL ""
| #define PACKAGE "sirannon"
| #define VERSION "1.0.0"
| #define STDC_HEADERS 1
| #define HAVE_SYS_TYPES_H 1
| #define HAVE_SYS_STAT_H 1
| #define HAVE_STDLIB_H 1
| #define HAVE_STRING_H 1
| #define HAVE_MEMORY_H 1
| #define HAVE_STRINGS_H 1
| #define HAVE_INTTYPES_H 1
| #define HAVE_STDINT_H 1
| #define HAVE_UNISTD_H 1
| #define HAVE_DLFCN_H 1
| #define LT_OBJDIR ".libs/"
| /* end confdefs.h.  */
| #include <ac_nonexistent.h>
configure:12009: checking for ld used by g++
configure:12076: result: /usr/bin/ld
configure:12083: checking if the linker (/usr/bin/ld) is GNU ld
configure:12098: result: yes
configure:12153: checking whether the g++ linker (/usr/bin/ld) supports shared libraries
configure:13157: result: yes
configure:13192: g++ -c -g -O2  conftest.cpp >&5
configure:13195: $? = 0
configure:13715: checking for g++ option to produce PIC
configure:13722: result: -fPIC -DPIC
configure:13730: checking if g++ PIC flag -fPIC -DPIC works
configure:13748: g++ -c -g -O2  -fPIC -DPIC -DPIC conftest.cpp >&5
configure:13752: $? = 0
configure:13765: result: yes
configure:13788: checking if g++ static flag -static works
configure:13816: result: yes
configure:13828: checking if g++ supports -c -o file.o
configure:13849: g++ -c -g -O2  -o out/conftest2.o conftest.cpp >&5
configure:13853: $? = 0
configure:13875: result: yes
configure:13880: checking if g++ supports -c -o file.o
configure:13927: result: yes
configure:13957: checking whether the g++ linker (/usr/bin/ld) supports shared libraries
configure:13994: result: yes
configure:14137: checking dynamic linker characteristics
configure:14820: result: GNU/Linux ld.so
configure:14873: checking how to hardcode library paths into programs
configure:14898: result: immediate
configure:14986: checking for gcc
configure:15013: result: gcc
configure:15242: checking for C compiler version
configure:15251: gcc --version >&5
gcc (Ubuntu 4.8.2-19ubuntu1) 4.8.2
Copyright (C) 2013 Free Software Foundation, Inc.
This is free software; see the source for copying conditions.  There is NO
warranty; not even for MERCHANTABILITY or FITNESS FOR A PARTICULAR PURPOSE.

configure:15262: $? = 0
configure:15251: gcc -v >&5
Using built-in specs.
COLLECT_GCC=gcc
COLLECT_LTO_WRAPPER=/usr/lib/gcc/i686-linux-gnu/4.8/lto-wrapper
Target: i686-linux-gnu
Configured with: ../src/configure -v --with-pkgversion='Ubuntu 4.8.2-19ubuntu1' --with-bugurl=file:///usr/share/doc/gcc-4.8/README.Bugs --enable-languages=c,c++,java,go,d,fortran,objc,obj-c++ --prefix=/usr --program-suffix=-4.8 --enable-shared --enable-linker-build-id --libexecdir=/usr/lib --without-included-gettext --enable-threads=posix --with-gxx-include-dir=/usr/include/c++/4.8 --libdir=/usr/lib --enable-nls --with-sysroot=/ --enable-clocale=gnu --enable-libstdcxx-debug --enable-libstdcxx-time=yes --enable-gnu-unique-object --disable-libmudflap --enable-plugin --with-system-zlib --disable-browser-plugin --enable-java-awt=gtk --enable-gtk-cairo --with-java-home=/usr/lib/jvm/java-1.5.0-gcj-4.8-i386/jre --enable-java-home --with-jvm-root-dir=/usr/lib/jvm/java-1.5.0-gcj-4.8-i386 --with-jvm-jar-dir=/usr/lib/jvm-exports/java-1.5.0-gcj-4.8-i386 --with-arch-directory=i386 --with-ecj-jar=/usr/share/java/eclipse-ecj.jar --enable-objc-gc --enable-targets=all --enable-multiarch --disable-werror --with-arch-32=i686 --with-multilib-list=m32,m64,mx32 --with-tune=generic --enable-checking=release --build=i686-linux-gnu --host=i686-linux-gnu --target=i686-linux-gnu
Thread model: posix
gcc version 4.8.2 (Ubuntu 4.8.2-19ubuntu1) 
configure:15262: $? = 0
configure:15251: gcc -V >&5
gcc: error: unrecognized command line option '-V'
gcc: fatal error: no input files
compilation terminated.
configure:15262: $? = 4
configure:15251: gcc -qversion >&5
gcc: error: unrecognized command line option '-qversion'
gcc: fatal error: no input files
compilation terminated.
configure:15262: $? = 4
configure:15266: checking whether we are using the GNU C compiler
configure:15294: result: yes
configure:15303: checking whether gcc accepts -g
configure:15364: result: yes
configure:15381: checking for gcc option to accept ISO C89
configure:15457: result: none needed
configure:15479: checking dependency style of gcc
configure:15589: result: gcc3
configure:15749: checking for main in -lpthread
configure:15768: gcc -o conftest -g -O2   conftest.c -lpthread   >&5
configure:15768: $? = 0
configure:15777: result: yes
configure:15793: checking for XML_Parse in -lexpat
configure:15818: gcc -o conftest -g -O2   conftest.c -lexpat  -lpthread  >&5
configure:15818: $? = 0
configure:15827: result: yes
configure:15844: checking for svnversion
configure:15860: found /usr/bin/svnversion
configure:15872: result: yes
configure:15933: checking for pthread_create in -lpthread
configure:15958: gcc -o conftest -g -O2   conftest.c -lpthread  -lexpat -lpthread  >&5
configure:15958: $? = 0
configure:15967: result: yes
configure:15980: checking for main in -lm
configure:15999: gcc -o conftest -g -O2   conftest.c -lm  -lpthread -lexpat -lpthread  >&5
configure:15999: $? = 0
configure:16008: result: yes
configure:16021: checking for main in -lz
configure:16040: gcc -o conftest -g -O2   conftest.c -lz  -lm -lpthread -lexpat -lpthread  >&5
configure:16040: $? = 0
configure:16049: result: yes
configure:16062: checking for main in -lbz2
configure:16081: gcc -o conftest -g -O2   conftest.c -lbz2  -lz -lm -lpthread -lexpat -lpthread  >&5
configure:16081: $? = 0
configure:16090: result: yes
configure:16103: checking for main in -lx264
configure:16122: gcc -o conftest -g -O2   conftest.c -lx264  -lbz2 -lz -lm -lpthread -lexpat -lpthread  >&5
configure:16122: $? = 0
configure:16131: result: yes
configure:16144: checking for main in -lvpx
configure:16163: gcc -o conftest -g -O2   conftest.c -lvpx  -lx264 -lbz2 -lz -lm -lpthread -lexpat -lpthread  >&5
configure:16163: $? = 0
configure:16172: result: yes
configure:16185: checking for main in -lvorbisenc
configure:16204: gcc -o conftest -g -O2   conftest.c -lvorbisenc  -lvpx -lx264 -lbz2 -lz -lm -lpthread -lexpat -lpthread  >&5
configure:16204: $? = 0
configure:16213: result: yes
configure:16226: checking for main in -lvorbis
configure:16245: gcc -o conftest -g -O2   conftest.c -lvorbis  -lvorbisenc -lvpx -lx264 -lbz2 -lz -lm -lpthread -lexpat -lpthread  >&5
configure:16245: $? = 0
configure:16254: result: yes
configure:16267: checking for main in -ltheoradec
configure:16286: gcc -o conftest -g -O2   conftest.c -ltheoradec  -lvorbis -lvorbisenc -lvpx -lx264 -lbz2 -lz -lm -lpthread -lexpat -lpthread  >&5
configure:16286: $? = 0
configure:16295: result: yes
configure:16308: checking for main in -ltheoraenc
configure:16327: gcc -o conftest -g -O2   conftest.c -ltheoraenc  -ltheoradec -lvorbis -lvorbisenc -lvpx -lx264 -lbz2 -lz -lm -lpthread -lexpat -lpthread  >&5
configure:16327: $? = 0
configure:16336: result: yes
configure:16349: checking for main in -lopencore-amrwb
configure:16368: gcc -o conftest -g -O2   conftest.c -lopencore-amrwb  -ltheoraenc -ltheoradec -lvorbis -lvorbisenc -lvpx -lx264 -lbz2 -lz -lm -lpthread -lexpat -lpthread  >&5
configure:16368: $? = 0
configure:16377: result: yes
configure:16390: checking for main in -lopencore-amrnb
configure:16409: gcc -o conftest -g -O2   conftest.c -lopencore-amrnb  -lopencore-amrwb -ltheoraenc -ltheoradec -lvorbis -lvorbisenc -lvpx -lx264 -lbz2 -lz -lm -lpthread -lexpat -lpthread  >&5
configure:16409: $? = 0
configure:16418: result: yes
configure:16431: checking for main in -lfaac
configure:16450: gcc -o conftest -g -O2   conftest.c -lfaac  -lopencore-amrnb -lopencore-amrwb -ltheoraenc -ltheoradec -lvorbis -lvorbisenc -lvpx -lx264 -lbz2 -lz -lm -lpthread -lexpat -lpthread  >&5
configure:16450: $? = 0
configure:16459: result: yes
configure:16470: checking for main in -lmp3lame
configure:16489: gcc -o conftest -g -O2   conftest.c -lmp3lame  -lfaac -lopencore-amrnb -lopencore-amrwb -ltheoraenc -ltheoradec -lvorbis -lvorbisenc -lvpx -lx264 -lbz2 -lz -lm -lpthread -lexpat -lpthread  >&5
configure:16489: $? = 0
configure:16498: result: yes
configure:17236: checking for clock_gettime in -lrt
configure:17261: gcc -o conftest -g -O2   conftest.c -lrt  -lmp3lame -lfaac -lopencore-amrnb -lopencore-amrwb -ltheoraenc -ltheoradec -lvorbis -lvorbisenc -lvpx -lx264 -lbz2 -lz -lm -lpthread -lexpat -lpthread  >&5
configure:17261: $? = 0
configure:17270: result: yes
configure:17331: checking for boostlib >= 1.40
configure:17391: g++ -c   -I/usr/include conftest.cpp >&5
configure:17391: $? = 0
configure:17393: result: yes
configure:17566: checking whether the Boost::System library is available
configure:17590: g++ -c   -I/usr/include conftest.cpp >&5
configure:17590: $? = 0
configure:17605: result: yes
configure:17807: checking whether the Boost::Filesystem library is available
configure:17831: g++ -c   -I/usr/include conftest.cpp >&5
configure:17831: $? = 0
configure:17845: result: yes
configure:17999: error: Could not link against  !

## ---------------- ##
## Cache variables. ##
## ---------------- ##

ac_cv_build=i686-pc-linux-gnu
ac_cv_c_compiler_gnu=yes
ac_cv_cxx_compiler_gnu=yes
ac_cv_env_CCC_set=
ac_cv_env_CCC_value=
ac_cv_env_CC_set=
ac_cv_env_CC_value=
ac_cv_env_CFLAGS_set=
ac_cv_env_CFLAGS_value=
ac_cv_env_CPPFLAGS_set=
ac_cv_env_CPPFLAGS_value=
ac_cv_env_CPP_set=
ac_cv_env_CPP_value=
ac_cv_env_CXXCPP_set=
ac_cv_env_CXXCPP_value=
ac_cv_env_CXXFLAGS_set=
ac_cv_env_CXXFLAGS_value=
ac_cv_env_CXX_set=
ac_cv_env_CXX_value=
ac_cv_env_LDFLAGS_set=
ac_cv_env_LDFLAGS_value=
ac_cv_env_LIBS_set=
ac_cv_env_LIBS_value=
ac_cv_env_build_alias_set=
ac_cv_env_build_alias_value=
ac_cv_env_host_alias_set=
ac_cv_env_host_alias_value=
ac_cv_env_target_alias_set=
ac_cv_env_target_alias_value=
ac_cv_header_dlfcn_h=yes
ac_cv_header_inttypes_h=yes
ac_cv_header_memory_h=yes
ac_cv_header_stdc=yes
ac_cv_header_stdint_h=yes
ac_cv_header_stdlib_h=yes
ac_cv_header_string_h=yes
ac_cv_header_strings_h=yes
ac_cv_header_sys_stat_h=yes
ac_cv_header_sys_types_h=yes
ac_cv_header_unistd_h=yes
ac_cv_host=i686-pc-linux-gnu
ac_cv_lib_bz2_main=yes
ac_cv_lib_expat_XML_Parse=yes
ac_cv_lib_faac_main=yes
ac_cv_lib_m_main=yes
ac_cv_lib_mp3lame_main=yes
ac_cv_lib_opencore_amrnb_main=yes
ac_cv_lib_opencore_amrwb_main=yes
ac_cv_lib_pthread_main=yes
ac_cv_lib_pthread_pthread_create=yes
ac_cv_lib_rt_clock_gettime=yes
ac_cv_lib_theoradec_main=yes
ac_cv_lib_theoraenc_main=yes
ac_cv_lib_vorbis_main=yes
ac_cv_lib_vorbisenc_main=yes
ac_cv_lib_vpx_main=yes
ac_cv_lib_x264_main=yes
ac_cv_lib_z_main=yes
ac_cv_objext=o
ac_cv_path_EGREP='/bin/grep -E'
ac_cv_path_FGREP='/bin/grep -F'
ac_cv_path_GREP=/bin/grep
ac_cv_path_SED=/bin/sed
ac_cv_path_install='/usr/bin/install -c'
ac_cv_path_mkdir=/bin/mkdir
ac_cv_prog_AWK=gawk
ac_cv_prog_CPP='gcc -E'
ac_cv_prog_CXXCPP='g++ -E'
ac_cv_prog_ac_ct_AR=ar
ac_cv_prog_ac_ct_CC=gcc
ac_cv_prog_ac_ct_CXX=g++
ac_cv_prog_ac_ct_MANIFEST_TOOL=mt
ac_cv_prog_ac_ct_OBJDUMP=objdump
ac_cv_prog_ac_ct_RANLIB=ranlib
ac_cv_prog_ac_ct_STRIP=strip
ac_cv_prog_cc_c89=
ac_cv_prog_cc_g=yes
ac_cv_prog_cxx_g=yes
ac_cv_prog_make_make_set=yes
ac_cv_prog_svnversionlin=yes
am_cv_CC_dependencies_compiler_type=gcc3
am_cv_CXX_dependencies_compiler_type=gcc3
ax_cv_boost_filesystem=yes
ax_cv_boost_system=yes
lt_cv_ar_at_file=@
lt_cv_archive_cmds_need_lc=no
lt_cv_deplibs_check_method=pass_all
lt_cv_file_magic_cmd='$MAGIC_CMD'
lt_cv_file_magic_test_file=
lt_cv_ld_reload_flag=-r
lt_cv_nm_interface='BSD nm'
lt_cv_objdir=.libs
lt_cv_path_LD=/usr/bin/ld
lt_cv_path_LDCXX=/usr/bin/ld
lt_cv_path_NM='/usr/bin/nm -B'
lt_cv_path_mainfest_tool=no
lt_cv_prog_compiler_c_o=yes
lt_cv_prog_compiler_c_o_CXX=yes
lt_cv_prog_compiler_pic='-fPIC -DPIC'
lt_cv_prog_compiler_pic_CXX='-fPIC -DPIC'
lt_cv_prog_compiler_pic_works=yes
lt_cv_prog_compiler_pic_works_CXX=yes
lt_cv_prog_compiler_rtti_exceptions=no
lt_cv_prog_compiler_static_works=yes
lt_cv_prog_compiler_static_works_CXX=yes
lt_cv_prog_gnu_ld=yes
lt_cv_prog_gnu_ldcxx=yes
lt_cv_sharedlib_from_linklib_cmd='printf %s\n'
lt_cv_shlibpath_overrides_runpath=no
lt_cv_sys_global_symbol_pipe='sed -n -e '\''s/^.*[	 ]\([ABCDGIRSTW][ABCDGIRSTW]*\)[	 ][	 ]*\([_A-Za-z][_A-Za-z0-9]*\)$/\1 \2 \2/p'\'' | sed '\''/ __gnu_lto/d'\'''
lt_cv_sys_global_symbol_to_c_name_address='sed -n -e '\''s/^: \([^ ]*\)[ ]*$/  {\"\1\", (void *) 0},/p'\'' -e '\''s/^[ABCDGIRSTW]* \([^ ]*\) \([^ ]*\)$/  {"\2", (void *) \&\2},/p'\'''
lt_cv_sys_global_symbol_to_c_name_address_lib_prefix='sed -n -e '\''s/^: \([^ ]*\)[ ]*$/  {\"\1\", (void *) 0},/p'\'' -e '\''s/^[ABCDGIRSTW]* \([^ ]*\) \(lib[^ ]*\)$/  {"\2", (void *) \&\2},/p'\'' -e '\''s/^[ABCDGIRSTW]* \([^ ]*\) \([^ ]*\)$/  {"lib\2", (void *) \&\2},/p'\'''
lt_cv_sys_global_symbol_to_cdecl='sed -n -e '\''s/^T .* \(.*\)$/extern int \1();/p'\'' -e '\''s/^[ABCDGIRSTW]* .* \(.*\)$/extern char \1;/p'\'''
lt_cv_sys_max_cmd_len=1572864
lt_cv_to_host_file_cmd=func_convert_file_noop
lt_cv_to_tool_file_cmd=func_convert_file_noop

## ----------------- ##
## Output variables. ##
## ----------------- ##

ACLOCAL='${SHELL} /home/zhanghx/develop/sirannon-1.0.0/build-aux/missing --run aclocal-1.11'
AMDEPBACKSLASH='\'
AMDEP_FALSE='#'
AMDEP_TRUE=''
AMTAR='${SHELL} /home/zhanghx/develop/sirannon-1.0.0/build-aux/missing --run tar'
AR='ar'
AUTOCONF='${SHELL} /home/zhanghx/develop/sirannon-1.0.0/build-aux/missing --run autoconf'
AUTOHEADER='${SHELL} /home/zhanghx/develop/sirannon-1.0.0/build-aux/missing --run autoheader'
AUTOMAKE='${SHELL} /home/zhanghx/develop/sirannon-1.0.0/build-aux/missing --run automake-1.11'
AWK='gawk'
BOOST_CPPFLAGS='-I/usr/include'
BOOST_FILESYSTEM_LIB=''
BOOST_LDFLAGS='-L/usr/lib'
BOOST_REGEX_LIB=''
BOOST_SYSTEM_LIB=''
BOOST_THREAD_LIB=''
BUILD_LIBRARY_FALSE=''
BUILD_LIBRARY_TRUE=''
CC='gcc'
CCDEPMODE='depmode=gcc3'
CFLAGS='-g -O2'
CPP='gcc -E'
CPPFLAGS=' -I/usr/include'
CXX='g++'
CXXCPP='g++ -E'
CXXDEPMODE='depmode=gcc3'
CXXFLAGS=''
CYGPATH_W='echo'
DEFS=''
DEPDIR='.deps'
DLLTOOL='false'
DSYMUTIL=''
DUMPBIN=''
ECHO_C=''
ECHO_N='-n'
ECHO_T=''
EGREP='/bin/grep -E'
EXEEXT=''
FGREP='/bin/grep -F'
GREP='/bin/grep'
INSTALL_DATA='${INSTALL} -m 644'
INSTALL_PROGRAM='${INSTALL}'
INSTALL_SCRIPT='${INSTALL}'
INSTALL_STRIP_PROGRAM='$(install_sh) -c -s'
LD='/usr/bin/ld'
LDFLAGS=' -L/usr/lib'
LIBOBJS=''
LIBS='-lrt -lmp3lame -lfaac -lopencore-amrnb -lopencore-amrwb -ltheoraenc -ltheoradec -lvorbis -lvorbisenc -lvpx -lx264 -lbz2 -lz -lm -lpthread -lexpat -lpthread  '
LIBTOOL='$(SHELL) $(top_builddir)/libtool'
LIPO=''
LN_S='ln -s'
LOCAL_FALSE=''
LOCAL_TRUE=''
LTLIBOBJS=''
MAKEINFO='${SHELL} /home/zhanghx/develop/sirannon-1.0.0/build-aux/missing --run makeinfo'
MANIFEST_TOOL=':'
MKDIR_P='/bin/mkdir -p'
NM='/usr/bin/nm -B'
NMEDIT=''
OBJDUMP='objdump'
OBJEXT='o'
OTOOL64=''
OTOOL=''
PACKAGE='sirannon'
PACKAGE_BUGREPORT=''
PACKAGE_NAME=''
PACKAGE_STRING=''
PACKAGE_TARNAME=''
PACKAGE_URL=''
PACKAGE_VERSION=''
PATH_SEPARATOR=':'
PRIVATE_FALSE=''
PRIVATE_TRUE=''
RANLIB='ranlib'
SED='/bin/sed'
SET_MAKE=''
SHELL='/bin/bash'
STRIP='strip'
SVN_VERSION='$(shell svnversion -n $(top_srcdir) | sed '\''s/ /_/'\'' )'
VERSION='1.0.0'
XDLL_FLG=''
ac_ct_AR='ar'
ac_ct_CC='gcc'
ac_ct_CXX='g++'
ac_ct_DUMPBIN=''
am__EXEEXT_FALSE=''
am__EXEEXT_TRUE=''
am__fastdepCC_FALSE='#'
am__fastdepCC_TRUE=''
am__fastdepCXX_FALSE='#'
am__fastdepCXX_TRUE=''
am__include='include'
am__isrc=''
am__leading_dot='.'
am__quote=''
am__tar='${AMTAR} chof - "$$tardir"'
am__untar='${AMTAR} xf -'
bindir='${exec_prefix}/bin'
build='i686-pc-linux-gnu'
build_alias=''
build_cpu='i686'
build_os='linux-gnu'
build_vendor='pc'
datadir='${datarootdir}'
datarootdir='${prefix}/share'
docdir='${datarootdir}/doc/${PACKAGE}'
dvidir='${docdir}'
exec_prefix='NONE'
host='i686-pc-linux-gnu'
host_alias=''
host_cpu='i686'
host_os='linux-gnu'
host_vendor='pc'
htmldir='${docdir}'
includedir='${prefix}/include'
infodir='${datarootdir}/info'
install_sh='${SHELL} /home/zhanghx/develop/sirannon-1.0.0/build-aux/install-sh'
libdir='${exec_prefix}/lib'
libexecdir='${exec_prefix}/libexec'
localedir='${datarootdir}/locale'
localstatedir='${prefix}/var'
mandir='${datarootdir}/man'
mkdir_p='/bin/mkdir -p'
oldincludedir='/usr/include'
pdfdir='${docdir}'
prefix='NONE'
program_transform_name='s,x,x,'
psdir='${docdir}'
sbindir='${exec_prefix}/sbin'
sharedstatedir='${prefix}/com'
svnversionlin='yes'
svnversionwin=''
sysconfdir='${prefix}/etc'
target_alias=''

## ----------- ##
## confdefs.h. ##
## ----------- ##

/* confdefs.h */
#define PACKAGE_NAME ""
#define PACKAGE_TARNAME ""
#define PACKAGE_VERSION ""
#define PACKAGE_STRING ""
#define PACKAGE_BUGREPORT ""
#define PACKAGE_URL ""
#define PACKAGE "sirannon"
#define VERSION "1.0.0"
#define STDC_HEADERS 1
#define HAVE_SYS_TYPES_H 1
#define HAVE_SYS_STAT_H 1
#define HAVE_STDLIB_H 1
#define HAVE_STRING_H 1
#define HAVE_MEMORY_H 1
#define HAVE_STRINGS_H 1
#define HAVE_INTTYPES_H 1
#define HAVE_STDINT_H 1
#define HAVE_UNISTD_H 1
#define HAVE_DLFCN_H 1
#define LT_OBJDIR ".libs/"
#define HAVE_LIBPTHREAD 1
#define HAVE_LIBEXPAT 1
#define HAVE_LIBPTHREAD 1
#define HAVE_LIBM 1
#define HAVE_LIBZ 1
#define HAVE_LIBBZ2 1
#define HAVE_LIBX264 1
#define HAVE_LIBVPX 1
#define HAVE_LIBVORBISENC 1
#define HAVE_LIBVORBIS 1
#define HAVE_LIBTHEORADEC 1
#define HAVE_LIBTHEORAENC 1
#define HAVE_LIBOPENCORE_AMRWB 1
#define HAVE_LIBOPENCORE_AMRNB 1
#define HAVE_LIBFAAC 1
#define HAVE_LIBMP3LAME 1
#define HAVE_LIBRT 1
#define HAVE_BOOST /**/
#define HAVE_BOOST_SYSTEM /**/
#define HAVE_BOOST_FILESYSTEM /**/

configure: exit 1
