Determining if the include file sys/filio.h exists failed with the following output:
Change Dir: /home/arombaut/Projects/sirannon/libs/jrtplib-3.9.1/CMakeFiles/CMakeTmp

Run Build Command:/usr/bin/make "cmTryCompileExec/fast"
/usr/bin/make -f CMakeFiles/cmTryCompileExec.dir/build.make CMakeFiles/cmTryCompileExec.dir/build
make[1]: Entering directory `/home/arombaut/Projects/sirannon/libs/jrtplib-3.9.1/CMakeFiles/CMakeTmp'
/usr/bin/cmake -E cmake_progress_report /home/arombaut/Projects/sirannon/libs/jrtplib-3.9.1/CMakeFiles/CMakeTmp/CMakeFiles 1
Building CXX object CMakeFiles/cmTryCompileExec.dir/CheckIncludeFile.cxx.o
/usr/bin/c++     -o CMakeFiles/cmTryCompileExec.dir/CheckIncludeFile.cxx.o -c /home/arombaut/Projects/sirannon/libs/jrtplib-3.9.1/CMakeFiles/CMakeTmp/CheckIncludeFile.cxx
/home/arombaut/Projects/sirannon/libs/jrtplib-3.9.1/CMakeFiles/CMakeTmp/CheckIncludeFile.cxx:1:23: fatal error: sys/filio.h: No such file or directory
compilation terminated.
make[1]: *** [CMakeFiles/cmTryCompileExec.dir/CheckIncludeFile.cxx.o] Error 1
make[1]: Leaving directory `/home/arombaut/Projects/sirannon/libs/jrtplib-3.9.1/CMakeFiles/CMakeTmp'
make: *** [cmTryCompileExec/fast] Error 2


Determining if the include file sys/sockio.h exists failed with the following output:
Change Dir: /home/arombaut/Projects/sirannon/libs/jrtplib-3.9.1/CMakeFiles/CMakeTmp

Run Build Command:/usr/bin/make "cmTryCompileExec/fast"
/usr/bin/make -f CMakeFiles/cmTryCompileExec.dir/build.make CMakeFiles/cmTryCompileExec.dir/build
make[1]: Entering directory `/home/arombaut/Projects/sirannon/libs/jrtplib-3.9.1/CMakeFiles/CMakeTmp'
/usr/bin/cmake -E cmake_progress_report /home/arombaut/Projects/sirannon/libs/jrtplib-3.9.1/CMakeFiles/CMakeTmp/CMakeFiles 1
Building CXX object CMakeFiles/cmTryCompileExec.dir/CheckIncludeFile.cxx.o
/usr/bin/c++     -o CMakeFiles/cmTryCompileExec.dir/CheckIncludeFile.cxx.o -c /home/arombaut/Projects/sirannon/libs/jrtplib-3.9.1/CMakeFiles/CMakeTmp/CheckIncludeFile.cxx
/home/arombaut/Projects/sirannon/libs/jrtplib-3.9.1/CMakeFiles/CMakeTmp/CheckIncludeFile.cxx:1:24: fatal error: sys/sockio.h: No such file or directory
compilation terminated.
make[1]: *** [CMakeFiles/cmTryCompileExec.dir/CheckIncludeFile.cxx.o] Error 1
make[1]: Leaving directory `/home/arombaut/Projects/sirannon/libs/jrtplib-3.9.1/CMakeFiles/CMakeTmp'
make: *** [cmTryCompileExec/fast] Error 2


Determining if the system is big endian passed with the following output:
Change Dir: /home/arombaut/Projects/sirannon/libs/jrtplib-3.9.1/CMakeFiles/CMakeTmp

Run Build Command:/usr/bin/make "cmTryCompileExec/fast"
/usr/bin/make -f CMakeFiles/cmTryCompileExec.dir/build.make CMakeFiles/cmTryCompileExec.dir/build
make[1]: Entering directory `/home/arombaut/Projects/sirannon/libs/jrtplib-3.9.1/CMakeFiles/CMakeTmp'
/usr/bin/cmake -E cmake_progress_report /home/arombaut/Projects/sirannon/libs/jrtplib-3.9.1/CMakeFiles/CMakeTmp/CMakeFiles 1
Building C object CMakeFiles/cmTryCompileExec.dir/TestEndianess.c.o
/usr/bin/gcc    -o CMakeFiles/cmTryCompileExec.dir/TestEndianess.c.o   -c /home/arombaut/Projects/sirannon/libs/jrtplib-3.9.1/CMakeFiles/CMakeTmp/TestEndianess.c
Linking C executable cmTryCompileExec
/usr/bin/cmake -E cmake_link_script CMakeFiles/cmTryCompileExec.dir/link.txt --verbose=1
/usr/bin/gcc         CMakeFiles/cmTryCompileExec.dir/TestEndianess.c.o  -o cmTryCompileExec -rdynamic 
make[1]: Leaving directory `/home/arombaut/Projects/sirannon/libs/jrtplib-3.9.1/CMakeFiles/CMakeTmp'

TestEndianess.c:
/* A 16 bit integer is required. */
typedef unsigned short cmakeint16;

/* On a little endian machine, these 16bit ints will give "THIS IS LITTLE ENDIAN."
   On a big endian machine the characters will be exchanged pairwise. */
const cmakeint16 info_little[] =  {0x4854, 0x5349, 0x4920, 0x2053, 0x494c, 0x5454, 0x454c, 0x4520, 0x444e, 0x4149, 0x2e4e, 0x0000};

/* on a big endian machine, these 16bit ints will give "THIS IS BIG ENDIAN."
   On a little endian machine the characters will be exchanged pairwise. */
const cmakeint16 info_big[] =     {0x5448, 0x4953, 0x2049, 0x5320, 0x4249, 0x4720, 0x454e, 0x4449, 0x414e, 0x2e2e, 0x0000};

#ifdef __CLASSIC_C__
int main(argc, argv) int argc; char *argv[];
#else
int main(int argc, char *argv[])
#endif
{
  int require = 0;
  require += info_little[argc];
  require += info_big[argc];
  (void)argv;
  return require;
}


