This file contains any messages produced by compilers while
running configure, to aid debugging if configure makes a mistake.

It was created by crcanvas configure 0.19, which was
generated by GNU Autoconf 2.64.  Invocation command line was

  $ ./configure 

## --------- ##
## Platform. ##
## --------- ##

hostname = hephaistion
uname -m = i686
uname -r = 3.0.0-13-generic-pae
uname -s = Linux
uname -v = #22-Ubuntu SMP Wed Nov 2 15:17:35 UTC 2011

/usr/bin/uname -p = unknown
/bin/uname -X     = unknown

/bin/arch              = unknown
/usr/bin/arch -k       = unknown
/usr/convex/getsysinfo = unknown
/usr/bin/hostinfo      = unknown
/bin/machine           = unknown
/usr/bin/oslevel       = unknown
/bin/universe          = unknown

PATH: /usr/lib/lightdm/lightdm
PATH: /usr/local/sbin
PATH: /usr/local/bin
PATH: /usr/sbin
PATH: /usr/bin
PATH: /sbin
PATH: /bin
PATH: /usr/games


## ----------- ##
## Core tests. ##
## ----------- ##

configure:2304: checking for a BSD-compatible install
configure:2372: result: /usr/bin/install -c
configure:2383: checking whether build environment is sane
configure:2433: result: yes
configure:2574: checking for a thread-safe mkdir -p
configure:2613: result: /bin/mkdir -p
configure:2626: checking for gawk
configure:2656: result: no
configure:2626: checking for mawk
configure:2642: found /usr/bin/mawk
configure:2653: result: mawk
configure:2664: checking whether make sets $(MAKE)
configure:2686: result: yes
configure:2767: checking whether to enable maintainer-specific portions of Makefiles
configure:2776: result: no
configure:2848: checking for gcc
configure:2864: found /usr/bin/gcc
configure:2875: result: gcc
configure:3104: checking for C compiler version
configure:3113: gcc --version >&5
gcc (Ubuntu/Linaro 4.6.1-9ubuntu3) 4.6.1
Copyright (C) 2011 Free Software Foundation, Inc.
This is free software; see the source for copying conditions.  There is NO
warranty; not even for MERCHANTABILITY or FITNESS FOR A PARTICULAR PURPOSE.

configure:3124: $? = 0
configure:3113: gcc -v >&5
Using built-in specs.
COLLECT_GCC=gcc
COLLECT_LTO_WRAPPER=/usr/lib/gcc/i686-linux-gnu/4.6.1/lto-wrapper
Target: i686-linux-gnu
Configured with: ../src/configure -v --with-pkgversion='Ubuntu/Linaro 4.6.1-9ubuntu3' --with-bugurl=file:///usr/share/doc/gcc-4.6/README.Bugs --enable-languages=c,c++,fortran,objc,obj-c++,go --prefix=/usr --program-suffix=-4.6 --enable-shared --enable-linker-build-id --with-system-zlib --libexecdir=/usr/lib --without-included-gettext --enable-threads=posix --with-gxx-include-dir=/usr/include/c++/4.6 --libdir=/usr/lib --enable-nls --with-sysroot=/ --enable-clocale=gnu --enable-libstdcxx-debug --enable-libstdcxx-time=yes --enable-plugin --enable-objc-gc --enable-targets=all --disable-werror --with-arch-32=i686 --with-tune=generic --enable-checking=release --build=i686-linux-gnu --host=i686-linux-gnu --target=i686-linux-gnu
Thread model: posix
gcc version 4.6.1 (Ubuntu/Linaro 4.6.1-9ubuntu3) 
configure:3124: $? = 0
configure:3113: gcc -V >&5
gcc: error: unrecognized option '-V'
gcc: fatal error: no input files
compilation terminated.
configure:3124: $? = 4
configure:3113: gcc -qversion >&5
gcc: error: unrecognized option '-qversion'
gcc: fatal error: no input files
compilation terminated.
configure:3124: $? = 4
configure:3146: checking for C compiler default output file name
configure:3168: gcc    conftest.c  >&5
configure:3172: $? = 0
configure:3209: result: a.out
configure:3225: checking whether the C compiler works
configure:3234: ./a.out
configure:3238: $? = 0
configure:3253: result: yes
configure:3260: checking whether we are cross compiling
configure:3262: result: no
configure:3265: checking for suffix of executables
configure:3272: gcc -o conftest    conftest.c  >&5
configure:3276: $? = 0
configure:3298: result: 
configure:3304: checking for suffix of object files
configure:3326: gcc -c   conftest.c >&5
configure:3330: $? = 0
configure:3351: result: o
configure:3355: checking whether we are using the GNU C compiler
configure:3374: gcc -c   conftest.c >&5
configure:3374: $? = 0
configure:3383: result: yes
configure:3392: checking whether gcc accepts -g
configure:3412: gcc -c -g  conftest.c >&5
configure:3412: $? = 0
configure:3453: result: yes
configure:3470: checking for gcc option to accept ISO C89
configure:3534: gcc  -c -g -O2  conftest.c >&5
configure:3534: $? = 0
configure:3547: result: none needed
configure:3578: checking for style of include used by make
configure:3606: result: GNU
configure:3631: checking dependency style of gcc
configure:3741: result: gcc3
configure:3791: checking build system type
configure:3805: result: i686-pc-linux-gnu
configure:3825: checking host system type
configure:3838: result: i686-pc-linux-gnu
configure:4186: checking for a sed that does not truncate output
configure:4250: result: /bin/sed
configure:4268: checking for grep that handles long lines and -e
configure:4326: result: /bin/grep
configure:4331: checking for egrep
configure:4393: result: /bin/grep -E
configure:4398: checking for fgrep
configure:4460: result: /bin/grep -F
configure:4495: checking for ld used by gcc
configure:4562: result: /usr/bin/ld
configure:4569: checking if the linker (/usr/bin/ld) is GNU ld
configure:4584: result: yes
configure:4596: checking for BSD- or MS-compatible name lister (nm)
configure:4645: result: /usr/bin/nm -B
configure:4763: checking the name lister (/usr/bin/nm -B) interface
configure:4770: gcc -c -g -O2  conftest.c >&5
configure:4773: /usr/bin/nm -B "conftest.o"
configure:4776: output
00000000 B some_variable
configure:4783: result: BSD nm
configure:4786: checking whether ln -s works
configure:4790: result: yes
configure:4798: checking the maximum length of command line arguments
configure:4918: result: 1572864
configure:4935: checking whether the shell understands some XSI constructs
configure:4945: result: yes
configure:4949: checking whether the shell understands "+="
configure:4955: result: yes
configure:4990: checking for /usr/bin/ld option to reload object files
configure:4997: result: -r
configure:5066: checking for objdump
configure:5093: result: objdump
configure:5122: checking how to recognize dependent libraries
configure:5318: result: pass_all
configure:5378: checking for ar
configure:5394: found /usr/bin/ar
configure:5405: result: ar
configure:5483: checking for strip
configure:5499: found /usr/bin/strip
configure:5510: result: strip
configure:5582: checking for ranlib
configure:5598: found /usr/bin/ranlib
configure:5609: result: ranlib
configure:5699: checking command to parse /usr/bin/nm -B output from gcc object
configure:5817: gcc -c -g -O2  conftest.c >&5
configure:5820: $? = 0
configure:5824: /usr/bin/nm -B conftest.o \| sed -n -e 's/^.*[	 ]\([ABCDGIRSTW][ABCDGIRSTW]*\)[	 ][	 ]*\([_A-Za-z][_A-Za-z0-9]*\)$/\1 \2 \2/p' \> conftest.nm
configure:5827: $? = 0
configure:5881: gcc -o conftest -g -O2   conftest.c conftstm.o >&5
configure:5884: $? = 0
configure:5922: result: ok
configure:6731: checking how to run the C preprocessor
configure:6762: gcc -E  conftest.c
configure:6762: $? = 0
configure:6776: gcc -E  conftest.c
conftest.c:11:28: fatal error: ac_nonexistent.h: No such file or directory
compilation terminated.
configure:6776: $? = 1
configure: failed program was:
| /* confdefs.h */
| #define PACKAGE_NAME "crcanvas"
| #define PACKAGE_TARNAME "crcanvas"
| #define PACKAGE_VERSION "0.19"
| #define PACKAGE_STRING "crcanvas 0.19"
| #define PACKAGE_BUGREPORT "http://sourceforge.net/tracker/?group_id=97070&atid=616883"
| #define PACKAGE_URL ""
| #define PACKAGE "crcanvas"
| #define VERSION "0.19"
| /* end confdefs.h.  */
| #include <ac_nonexistent.h>
configure:6801: result: gcc -E
configure:6821: gcc -E  conftest.c
configure:6821: $? = 0
configure:6835: gcc -E  conftest.c
conftest.c:11:28: fatal error: ac_nonexistent.h: No such file or directory
compilation terminated.
configure:6835: $? = 1
configure: failed program was:
| /* confdefs.h */
| #define PACKAGE_NAME "crcanvas"
| #define PACKAGE_TARNAME "crcanvas"
| #define PACKAGE_VERSION "0.19"
| #define PACKAGE_STRING "crcanvas 0.19"
| #define PACKAGE_BUGREPORT "http://sourceforge.net/tracker/?group_id=97070&atid=616883"
| #define PACKAGE_URL ""
| #define PACKAGE "crcanvas"
| #define VERSION "0.19"
| /* end confdefs.h.  */
| #include <ac_nonexistent.h>
configure:6864: checking for ANSI C header files
configure:6884: gcc -c -g -O2  conftest.c >&5
configure:6884: $? = 0
configure:6957: gcc -o conftest -g -O2   conftest.c  >&5
configure:6957: $? = 0
configure:6957: ./conftest
configure:6957: $? = 0
configure:6968: result: yes
configure:6981: checking for sys/types.h
configure:6981: gcc -c -g -O2  conftest.c >&5
configure:6981: $? = 0
configure:6981: result: yes
configure:6981: checking for sys/stat.h
configure:6981: gcc -c -g -O2  conftest.c >&5
configure:6981: $? = 0
configure:6981: result: yes
configure:6981: checking for stdlib.h
configure:6981: gcc -c -g -O2  conftest.c >&5
configure:6981: $? = 0
configure:6981: result: yes
configure:6981: checking for string.h
configure:6981: gcc -c -g -O2  conftest.c >&5
configure:6981: $? = 0
configure:6981: result: yes
configure:6981: checking for memory.h
configure:6981: gcc -c -g -O2  conftest.c >&5
configure:6981: $? = 0
configure:6981: result: yes
configure:6981: checking for strings.h
configure:6981: gcc -c -g -O2  conftest.c >&5
configure:6981: $? = 0
configure:6981: result: yes
configure:6981: checking for inttypes.h
configure:6981: gcc -c -g -O2  conftest.c >&5
configure:6981: $? = 0
configure:6981: result: yes
configure:6981: checking for stdint.h
configure:6981: gcc -c -g -O2  conftest.c >&5
configure:6981: $? = 0
configure:6981: result: yes
configure:6981: checking for unistd.h
configure:6981: gcc -c -g -O2  conftest.c >&5
configure:6981: $? = 0
configure:6981: result: yes
configure:6996: checking for dlfcn.h
configure:6996: gcc -c -g -O2  conftest.c >&5
configure:6996: $? = 0
configure:6996: result: yes
configure:7148: checking for objdir
configure:7163: result: .libs
configure:7455: checking if gcc supports -fno-rtti -fno-exceptions
configure:7473: gcc -c -g -O2  -fno-rtti -fno-exceptions conftest.c >&5
cc1: warning: command line option '-fno-rtti' is valid for C++/ObjC++ but not for C [enabled by default]
configure:7477: $? = 0
configure:7490: result: no
configure:7510: checking for gcc option to produce PIC
configure:7782: result: -fPIC -DPIC
configure:7794: checking if gcc PIC flag -fPIC -DPIC works
configure:7812: gcc -c -g -O2  -fPIC -DPIC -DPIC conftest.c >&5
configure:7816: $? = 0
configure:7829: result: yes
configure:7853: checking if gcc static flag -static works
configure:7881: result: yes
configure:7896: checking if gcc supports -c -o file.o
configure:7917: gcc -c -g -O2  -o out/conftest2.o conftest.c >&5
configure:7921: $? = 0
configure:7943: result: yes
configure:7951: checking if gcc supports -c -o file.o
configure:7998: result: yes
configure:8031: checking whether the gcc linker (/usr/bin/ld) supports shared libraries
configure:9021: result: yes
configure:9058: checking whether -lc should be explicitly linked in
configure:9063: gcc -c -g -O2  conftest.c >&5
configure:9066: $? = 0
configure:9081: gcc -shared conftest.o  -v -Wl,-soname -Wl,conftest -o conftest 2\>\&1 \| /bin/grep  -lc  \>/dev/null 2\>\&1
configure:9084: $? = 0
configure:9096: result: no
configure:9260: checking dynamic linker characteristics
configure:9693: gcc -o conftest -g -O2   -Wl,-rpath -Wl,/foo conftest.c  >&5
configure:9693: $? = 0
configure:9923: result: GNU/Linux ld.so
configure:10025: checking how to hardcode library paths into programs
configure:10050: result: immediate
configure:10570: checking whether stripping libraries is possible
configure:10575: result: yes
configure:10610: checking if libtool supports shared libraries
configure:10612: result: yes
configure:10615: checking whether to build shared libraries
configure:10636: result: yes
configure:10639: checking whether to build static libraries
configure:10643: result: no
configure:10729: checking for pkg-config
configure:10747: found /usr/bin/pkg-config
configure:10759: result: /usr/bin/pkg-config
configure:10784: checking pkg-config is at least version 0.9.0
configure:10787: result: yes
configure:10798: checking for CR
configure:10806: $PKG_CONFIG --exists --print-errors "$pkg_modules"
configure:10809: $? = 0
configure:10824: $PKG_CONFIG --exists --print-errors "$pkg_modules"
configure:10827: $? = 0
configure:10867: result: yes
configure:10876: checking for glib-genmarshal
configure:10894: found /usr/bin/glib-genmarshal
configure:10906: result: /usr/bin/glib-genmarshal
configure:10948: checking whether to build gtk-doc documentation
configure:10950: result: no
configure:10957: checking for gtkdoc-check
configure:10990: result: no
configure:11040: checking for python
configure:11058: found /usr/bin/python
configure:11070: result: /usr/bin/python
configure:11091: checking for python version
configure:11098: result: 2.7
configure:11110: checking for python platform
configure:11117: result: linux2
configure:11124: checking for python script directory
configure:11145: result: ${prefix}/lib/python2.7/dist-packages
configure:11154: checking for python extension module directory
configure:11175: result: ${exec_prefix}/lib/python2.7/dist-packages
configure:11195: checking for headers required to compile python extensions
configure:11210: gcc -E  -I/usr/include/python2.7 conftest.c
configure:11210: $? = 0
configure:11211: result: found
configure:11228: checking for PYGTK
configure:11236: $PKG_CONFIG --exists --print-errors "pygtk-2.0 >= 2.0 pycairo >= 1.2.0 "
configure:11239: $? = 0
configure:11254: $PKG_CONFIG --exists --print-errors "pygtk-2.0 >= 2.0 pycairo >= 1.2.0 "
configure:11257: $? = 0
configure:11299: result: yes
configure:11302: result: yes
configure:11309: checking for pygtk-codegen-2.0
configure:11327: found /usr/bin/pygtk-codegen-2.0
configure:11340: result: /usr/bin/pygtk-codegen-2.0
configure:11352: checking for pygtk defs
configure:11356: result: /usr/share/pygtk/2.0/defs
configure:11528: creating ./config.status

## ---------------------- ##
## Running config.status. ##
## ---------------------- ##

This file was extended by crcanvas config.status 0.19, which was
generated by GNU Autoconf 2.64.  Invocation command line was

  CONFIG_FILES    = 
  CONFIG_HEADERS  = 
  CONFIG_LINKS    = 
  CONFIG_COMMANDS = 
  $ ./config.status 

on hephaistion

config.status:1111: creating Makefile
config.status:1111: creating crcanvas.pc
config.status:1111: creating crcanvas/Makefile
config.status:1111: creating crcanvas/cr-version.h
config.status:1111: creating cross-build/Makefile
config.status:1111: creating unit-test/Makefile
config.status:1111: creating examples/Makefile
config.status:1111: creating doc/Makefile
config.status:1111: creating doc/ref/Makefile
config.status:1111: creating python/Makefile
config.status:1111: creating config.h
config.status:1283: config.h is unchanged
config.status:1331: executing depfiles commands
config.status:1331: executing libtool commands

## ---------------- ##
## Cache variables. ##
## ---------------- ##

ac_cv_build=i686-pc-linux-gnu
ac_cv_c_compiler_gnu=yes
ac_cv_env_CC_set=
ac_cv_env_CC_value=
ac_cv_env_CFLAGS_set=
ac_cv_env_CFLAGS_value=
ac_cv_env_CPPFLAGS_set=
ac_cv_env_CPPFLAGS_value=
ac_cv_env_CPP_set=
ac_cv_env_CPP_value=
ac_cv_env_CR_CFLAGS_set=
ac_cv_env_CR_CFLAGS_value=
ac_cv_env_CR_LIBS_set=
ac_cv_env_CR_LIBS_value=
ac_cv_env_LDFLAGS_set=
ac_cv_env_LDFLAGS_value=
ac_cv_env_LIBS_set=
ac_cv_env_LIBS_value=
ac_cv_env_PKG_CONFIG_set=
ac_cv_env_PKG_CONFIG_value=
ac_cv_env_PYGTK_CFLAGS_set=
ac_cv_env_PYGTK_CFLAGS_value=
ac_cv_env_PYGTK_LIBS_set=
ac_cv_env_PYGTK_LIBS_value=
ac_cv_env_build_alias_set=
ac_cv_env_build_alias_value=
ac_cv_env_host_alias_set=
ac_cv_env_host_alias_value=
ac_cv_env_target_alias_set=
ac_cv_env_target_alias_value=
ac_cv_header_dlfcn_h=yes
ac_cv_header_inttypes_h=yes
ac_cv_header_memory_h=yes
ac_cv_header_stdc=yes
ac_cv_header_stdint_h=yes
ac_cv_header_stdlib_h=yes
ac_cv_header_string_h=yes
ac_cv_header_strings_h=yes
ac_cv_header_sys_stat_h=yes
ac_cv_header_sys_types_h=yes
ac_cv_header_unistd_h=yes
ac_cv_host=i686-pc-linux-gnu
ac_cv_objext=o
ac_cv_path_EGREP='/bin/grep -E'
ac_cv_path_FGREP='/bin/grep -F'
ac_cv_path_GLIB_GENMARSHAL=/usr/bin/glib-genmarshal
ac_cv_path_GREP=/bin/grep
ac_cv_path_PYGTK_CODEGEN=/usr/bin/pygtk-codegen-2.0
ac_cv_path_PYTHON=/usr/bin/python
ac_cv_path_SED=/bin/sed
ac_cv_path_ac_pt_PKG_CONFIG=/usr/bin/pkg-config
ac_cv_path_install='/usr/bin/install -c'
ac_cv_path_mkdir=/bin/mkdir
ac_cv_prog_AWK=mawk
ac_cv_prog_CPP='gcc -E'
ac_cv_prog_ac_ct_AR=ar
ac_cv_prog_ac_ct_CC=gcc
ac_cv_prog_ac_ct_OBJDUMP=objdump
ac_cv_prog_ac_ct_RANLIB=ranlib
ac_cv_prog_ac_ct_STRIP=strip
ac_cv_prog_cc_c89=
ac_cv_prog_cc_g=yes
ac_cv_prog_make_make_set=yes
am_cv_CC_dependencies_compiler_type=gcc3
am_cv_python_platform=linux2
am_cv_python_pyexecdir='${exec_prefix}/lib/python2.7/dist-packages'
am_cv_python_pythondir='${prefix}/lib/python2.7/dist-packages'
am_cv_python_version=2.7
lt_cv_deplibs_check_method=pass_all
lt_cv_file_magic_cmd='$MAGIC_CMD'
lt_cv_file_magic_test_file=
lt_cv_ld_reload_flag=-r
lt_cv_nm_interface='BSD nm'
lt_cv_objdir=.libs
lt_cv_path_LD=/usr/bin/ld
lt_cv_path_NM='/usr/bin/nm -B'
lt_cv_prog_compiler_c_o=yes
lt_cv_prog_compiler_pic_works=yes
lt_cv_prog_compiler_rtti_exceptions=no
lt_cv_prog_compiler_static_works=yes
lt_cv_prog_gnu_ld=yes
lt_cv_sys_global_symbol_pipe='sed -n -e '\''s/^.*[	 ]\([ABCDGIRSTW][ABCDGIRSTW]*\)[	 ][	 ]*\([_A-Za-z][_A-Za-z0-9]*\)$/\1 \2 \2/p'\'''
lt_cv_sys_global_symbol_to_c_name_address='sed -n -e '\''s/^: \([^ ]*\) $/  {\"\1\", (void *) 0},/p'\'' -e '\''s/^[ABCDGIRSTW]* \([^ ]*\) \([^ ]*\)$/  {"\2", (void *) \&\2},/p'\'''
lt_cv_sys_global_symbol_to_c_name_address_lib_prefix='sed -n -e '\''s/^: \([^ ]*\) $/  {\"\1\", (void *) 0},/p'\'' -e '\''s/^[ABCDGIRSTW]* \([^ ]*\) \(lib[^ ]*\)$/  {"\2", (void *) \&\2},/p'\'' -e '\''s/^[ABCDGIRSTW]* \([^ ]*\) \([^ ]*\)$/  {"lib\2", (void *) \&\2},/p'\'''
lt_cv_sys_global_symbol_to_cdecl='sed -n -e '\''s/^T .* \(.*\)$/extern int \1();/p'\'' -e '\''s/^[ABCDGIRSTW]* .* \(.*\)$/extern char \1;/p'\'''
lt_cv_sys_max_cmd_len=1572864
pkg_cv_CR_CFLAGS='-pthread -I/usr/include/gtk-2.0 -I/usr/lib/i386-linux-gnu/gtk-2.0/include -I/usr/include/atk-1.0 -I/usr/include/cairo -I/usr/include/gdk-pixbuf-2.0 -I/usr/include/pango-1.0 -I/usr/include/gio-unix-2.0/ -I/usr/include/glib-2.0 -I/usr/lib/i386-linux-gnu/glib-2.0/include -I/usr/include/pixman-1 -I/usr/include/freetype2 -I/usr/include/libpng12  '
pkg_cv_CR_LIBS='-pthread -lgtk-x11-2.0 -lgdk-x11-2.0 -latk-1.0 -lgio-2.0 -lpangoft2-1.0 -lpangocairo-1.0 -lgdk_pixbuf-2.0 -lcairo -lpango-1.0 -lfreetype -lfontconfig -lgobject-2.0 -lgmodule-2.0 -lgthread-2.0 -lrt -lglib-2.0  '
pkg_cv_PYGTK_CFLAGS='-pthread -I/usr/include/gtk-2.0 -I/usr/include/glib-2.0 -I/usr/lib/i386-linux-gnu/glib-2.0/include -I/usr/lib/i386-linux-gnu/gtk-2.0/include -I/usr/include/atk-1.0 -I/usr/include/cairo -I/usr/include/gdk-pixbuf-2.0 -I/usr/include/pango-1.0 -I/usr/include/gio-unix-2.0/ -I/usr/include/pixman-1 -I/usr/include/freetype2 -I/usr/include/libpng12 -I/usr/include/pygtk-2.0 -I/usr/include/pycairo  '
pkg_cv_PYGTK_LIBS='-pthread -lgtk-x11-2.0 -lgdk-x11-2.0 -latk-1.0 -lgio-2.0 -lpangoft2-1.0 -lpangocairo-1.0 -lgdk_pixbuf-2.0 -lpango-1.0 -lfreetype -lfontconfig -lgobject-2.0 -lgmodule-2.0 -lgthread-2.0 -lrt -lglib-2.0 -lcairo  '

## ----------------- ##
## Output variables. ##
## ----------------- ##

ACLOCAL='${SHELL} /home/arombaut/Projects/sirannon/libs/crcanvas-0.19/missing --run aclocal-1.11'
AMDEPBACKSLASH='\'
AMDEP_FALSE='#'
AMDEP_TRUE=''
AMTAR='${SHELL} /home/arombaut/Projects/sirannon/libs/crcanvas-0.19/missing --run tar'
AR='ar'
AS='as'
AUTOCONF='${SHELL} /home/arombaut/Projects/sirannon/libs/crcanvas-0.19/missing --run autoconf'
AUTOHEADER='${SHELL} /home/arombaut/Projects/sirannon/libs/crcanvas-0.19/missing --run autoheader'
AUTOMAKE='${SHELL} /home/arombaut/Projects/sirannon/libs/crcanvas-0.19/missing --run automake-1.11'
AWK='mawk'
CC='gcc'
CCDEPMODE='depmode=gcc3'
CFLAGS='-g -O2'
CPP='gcc -E'
CPPFLAGS=''
CR_CFLAGS='-pthread -I/usr/include/gtk-2.0 -I/usr/lib/i386-linux-gnu/gtk-2.0/include -I/usr/include/atk-1.0 -I/usr/include/cairo -I/usr/include/gdk-pixbuf-2.0 -I/usr/include/pango-1.0 -I/usr/include/gio-unix-2.0/ -I/usr/include/glib-2.0 -I/usr/lib/i386-linux-gnu/glib-2.0/include -I/usr/include/pixman-1 -I/usr/include/freetype2 -I/usr/include/libpng12  '
CR_LIBS='-pthread -lgtk-x11-2.0 -lgdk-x11-2.0 -latk-1.0 -lgio-2.0 -lpangoft2-1.0 -lpangocairo-1.0 -lgdk_pixbuf-2.0 -lcairo -lpango-1.0 -lfreetype -lfontconfig -lgobject-2.0 -lgmodule-2.0 -lgthread-2.0 -lrt -lglib-2.0  '
CR_MAJOR_VERSION='0'
CR_MINOR_VERSION='19'
CR_VERSION='0.19'
CYGPATH_W='echo'
DEFS='-DHAVE_CONFIG_H'
DEPDIR='.deps'
DLLTOOL='dlltool'
DSYMUTIL=''
DUMPBIN=''
ECHO_C=''
ECHO_N='-n'
ECHO_T=''
EGREP='/bin/grep -E'
ENABLE_GTK_DOC_FALSE=''
ENABLE_GTK_DOC_TRUE='#'
ENABLE_PYTHON_FALSE='#'
ENABLE_PYTHON_TRUE=''
EXEEXT=''
FGREP='/bin/grep -F'
GLIB_GENMARSHAL='/usr/bin/glib-genmarshal'
GREP='/bin/grep'
GTKDOC_CHECK=''
GTK_DOC_USE_LIBTOOL_FALSE='#'
GTK_DOC_USE_LIBTOOL_TRUE=''
HTML_DIR='${datadir}/gtk-doc/html'
INSTALL_DATA='${INSTALL} -m 644'
INSTALL_PROGRAM='${INSTALL}'
INSTALL_SCRIPT='${INSTALL}'
INSTALL_STRIP_PROGRAM='$(install_sh) -c -s'
LD='/usr/bin/ld'
LDFLAGS=''
LIBOBJS=''
LIBS=''
LIBTOOL='$(SHELL) $(top_builddir)/libtool'
LIPO=''
LN_S='ln -s'
LTLIBOBJS=''
MAINT='#'
MAINTAINER_MODE_FALSE=''
MAINTAINER_MODE_TRUE='#'
MAKEINFO='${SHELL} /home/arombaut/Projects/sirannon/libs/crcanvas-0.19/missing --run makeinfo'
MKDIR_P='/bin/mkdir -p'
NM='/usr/bin/nm -B'
NMEDIT=''
OBJDUMP='objdump'
OBJEXT='o'
OTOOL64=''
OTOOL=''
PACKAGE='crcanvas'
PACKAGE_BUGREPORT='http://sourceforge.net/tracker/?group_id=97070&atid=616883'
PACKAGE_NAME='crcanvas'
PACKAGE_STRING='crcanvas 0.19'
PACKAGE_TARNAME='crcanvas'
PACKAGE_URL=''
PACKAGE_VERSION='0.19'
PATH_SEPARATOR=':'
PKG_CONFIG='/usr/bin/pkg-config'
PLATFORM_WIN32_FALSE=''
PLATFORM_WIN32_TRUE='#'
PYGTK_CFLAGS='-pthread -I/usr/include/gtk-2.0 -I/usr/include/glib-2.0 -I/usr/lib/i386-linux-gnu/glib-2.0/include -I/usr/lib/i386-linux-gnu/gtk-2.0/include -I/usr/include/atk-1.0 -I/usr/include/cairo -I/usr/include/gdk-pixbuf-2.0 -I/usr/include/pango-1.0 -I/usr/include/gio-unix-2.0/ -I/usr/include/pixman-1 -I/usr/include/freetype2 -I/usr/include/libpng12 -I/usr/include/pygtk-2.0 -I/usr/include/pycairo  '
PYGTK_CODEGEN='/usr/bin/pygtk-codegen-2.0'
PYGTK_DEFSDIR='/usr/share/pygtk/2.0/defs'
PYGTK_LIBS='-pthread -lgtk-x11-2.0 -lgdk-x11-2.0 -latk-1.0 -lgio-2.0 -lpangoft2-1.0 -lpangocairo-1.0 -lgdk_pixbuf-2.0 -lpango-1.0 -lfreetype -lfontconfig -lgobject-2.0 -lgmodule-2.0 -lgthread-2.0 -lrt -lglib-2.0 -lcairo  '
PYTHON='/usr/bin/python'
PYTHON_EXEC_PREFIX='${exec_prefix}'
PYTHON_INCLUDES='-I/usr/include/python2.7'
PYTHON_PLATFORM='linux2'
PYTHON_PREFIX='${prefix}'
PYTHON_VERSION='2.7'
RANLIB='ranlib'
SED='/bin/sed'
SET_MAKE=''
SHELL='/bin/bash'
STRIP='strip'
VERSION='0.19'
ac_ct_CC='gcc'
ac_ct_DUMPBIN=''
am__EXEEXT_FALSE=''
am__EXEEXT_TRUE='#'
am__fastdepCC_FALSE='#'
am__fastdepCC_TRUE=''
am__include='include'
am__isrc=''
am__leading_dot='.'
am__quote=''
am__tar='${AMTAR} chof - "$$tardir"'
am__untar='${AMTAR} xf -'
bindir='${exec_prefix}/bin'
build='i686-pc-linux-gnu'
build_alias=''
build_cpu='i686'
build_os='linux-gnu'
build_vendor='pc'
datadir='${datarootdir}'
datarootdir='${prefix}/share'
docdir='${datarootdir}/doc/${PACKAGE_TARNAME}'
dvidir='${docdir}'
exec_prefix='${prefix}'
host='i686-pc-linux-gnu'
host_alias=''
host_cpu='i686'
host_os='linux-gnu'
host_vendor='pc'
htmldir='${docdir}'
includedir='${prefix}/include'
infodir='${datarootdir}/info'
install_sh='${SHELL} /home/arombaut/Projects/sirannon/libs/crcanvas-0.19/install-sh'
libdir='${exec_prefix}/lib'
libexecdir='${exec_prefix}/libexec'
localedir='${datarootdir}/locale'
localstatedir='${prefix}/var'
lt_ECHO='echo'
mandir='${datarootdir}/man'
mkdir_p='/bin/mkdir -p'
oldincludedir='/usr/include'
pdfdir='${docdir}'
pkgpyexecdir='${pyexecdir}/crcanvas'
pkgpythondir='${pythondir}/crcanvas'
prefix='/usr/local'
program_transform_name='s,x,x,'
psdir='${docdir}'
pyexecdir='${exec_prefix}/lib/python2.7/dist-packages'
pythondir='${prefix}/lib/python2.7/dist-packages'
sbindir='${exec_prefix}/sbin'
sharedstatedir='${prefix}/com'
sysconfdir='${prefix}/etc'
target_alias=''

## ----------- ##
## confdefs.h. ##
## ----------- ##

/* confdefs.h */
#define PACKAGE_NAME "crcanvas"
#define PACKAGE_TARNAME "crcanvas"
#define PACKAGE_VERSION "0.19"
#define PACKAGE_STRING "crcanvas 0.19"
#define PACKAGE_BUGREPORT "http://sourceforge.net/tracker/?group_id=97070&atid=616883"
#define PACKAGE_URL ""
#define PACKAGE "crcanvas"
#define VERSION "0.19"
#define STDC_HEADERS 1
#define HAVE_SYS_TYPES_H 1
#define HAVE_SYS_STAT_H 1
#define HAVE_STDLIB_H 1
#define HAVE_STRING_H 1
#define HAVE_MEMORY_H 1
#define HAVE_STRINGS_H 1
#define HAVE_INTTYPES_H 1
#define HAVE_STDINT_H 1
#define HAVE_UNISTD_H 1
#define HAVE_DLFCN_H 1
#define LT_OBJDIR ".libs/"

configure: exit 0
